Sep 26 17:54:21 Updated: libgcc-4.8.5-39.el7.x86_64
Sep 26 17:54:21 Updated: 1:grub2-common-2.02-0.80.el7.centos.noarch
Sep 26 17:54:21 Updated: centos-release-7-7.1908.0.el7.centos.x86_64
Sep 26 17:54:21 Updated: 1:grub2-pc-modules-2.02-0.80.el7.centos.noarch
Sep 26 17:54:22 Updated: 32:bind-license-9.11.4-9.P2.el7.noarch
Sep 26 17:54:22 Updated: firewalld-filesystem-0.6.3-2.el7_7.1.noarch
Sep 26 17:54:23 Updated: tzdata-2019c-1.el7.noarch
Sep 26 17:54:23 Updated: bash-4.2.46-33.el7.x86_64
Sep 26 17:54:23 Updated: nss-softokn-freebl-3.44.0-5.el7.x86_64
Sep 26 17:54:29 Updated: glibc-common-2.17-292.el7.x86_64
Sep 26 17:54:30 Updated: glibc-2.17-292.el7.x86_64
Sep 26 17:54:31 Updated: nspr-4.21.0-1.el7.x86_64
Sep 26 17:54:31 Updated: nss-util-3.44.0-3.el7.x86_64
Sep 26 17:54:31 Updated: audit-libs-2.8.5-4.el7.x86_64
Sep 26 17:54:31 Updated: libcom_err-1.42.9-16.el7.x86_64
Sep 26 17:54:31 Updated: libuuid-2.23.2-61.el7.x86_64
Sep 26 17:54:31 Updated: libcap-2.22-10.el7.x86_64
Sep 26 17:54:31 Updated: 1:openssl-libs-1.0.2k-19.el7.x86_64
Sep 26 17:54:32 Updated: coreutils-8.22-24.el7.x86_64
Sep 26 17:54:32 Updated: krb5-libs-1.15.1-37.el7_7.2.x86_64
Sep 26 17:54:32 Updated: libblkid-2.23.2-61.el7.x86_64
Sep 26 17:54:32 Updated: libdb-5.3.21-25.el7.x86_64
Sep 26 17:54:32 Updated: elfutils-libelf-0.176-2.el7.x86_64
Sep 26 17:54:32 Updated: readline-6.2-11.el7.x86_64
Sep 26 17:54:32 Updated: libstdc++-4.8.5-39.el7.x86_64
Sep 26 17:54:33 Updated: 2:shadow-utils-4.6-5.el7.x86_64
Sep 26 17:54:33 Updated: diffutils-3.3-5.el7.x86_64
Sep 26 17:54:35 Updated: python-libs-2.7.5-86.el7.x86_64
Sep 26 17:54:35 Updated: python-2.7.5-86.el7.x86_64
Sep 26 17:54:35 Updated: libmount-2.23.2-61.el7.x86_64
Sep 26 17:54:36 Updated: glib2-2.56.1-5.el7.x86_64
Sep 26 17:54:36 Updated: nss-softokn-3.44.0-5.el7.x86_64
Sep 26 17:54:36 Updated: nss-pem-1.0.3-7.el7.x86_64
Sep 26 17:54:36 Updated: nss-sysinit-3.44.0-4.el7.x86_64
Sep 26 17:54:36 Updated: nss-3.44.0-4.el7.x86_64
Sep 26 17:54:36 Updated: lz4-1.7.5-3.el7.x86_64
Sep 26 17:54:37 Updated: iptables-1.4.21-33.el7.x86_64
Sep 26 17:54:37 Updated: iproute-4.11.0-25.el7.x86_64
Sep 26 17:54:37 Updated: 2:ethtool-4.8-10.el7.x86_64
Sep 26 17:54:37 Updated: python-linux-procfs-0.4.11-4.el7.noarch
Sep 26 17:54:37 Updated: python-firewall-0.6.3-2.el7_7.1.noarch
Sep 26 17:54:37 Updated: python-perf-3.10.0-1062.1.1.el7.x86_64
Sep 26 17:54:38 Updated: libicu-50.2-3.el7.x86_64
Sep 26 17:54:38 Updated: device-mapper-persistent-data-0.8.5-1.el7.x86_64
Sep 26 17:54:38 Updated: libdb-utils-5.3.21-25.el7.x86_64
Sep 26 17:54:39 Updated: grubby-8.28-26.el7.x86_64
Sep 26 17:54:39 Installed: 32:bind-export-libs-9.11.4-9.P2.el7.x86_64
Sep 26 17:54:40 Updated: binutils-2.27-41.base.el7.x86_64
Sep 26 17:54:40 Updated: libssh2-1.8.0-3.el7.x86_64
Sep 26 17:54:40 Updated: libcurl-7.29.0-54.el7.x86_64
Sep 26 17:54:40 Installed: geoipupdate-2.5.0-1.el7.x86_64
Sep 26 17:54:40 Updated: GeoIP-1.5.0-14.el7.x86_64
Sep 26 17:54:40 Updated: curl-7.29.0-54.el7.x86_64
Sep 26 17:54:40 Updated: rpm-4.11.3-40.el7.x86_64
Sep 26 17:54:41 Updated: rpm-libs-4.11.3-40.el7.x86_64
Sep 26 17:54:41 Updated: rpm-build-libs-4.11.3-40.el7.x86_64
Sep 26 17:54:41 Updated: rpm-python-4.11.3-40.el7.x86_64
Sep 26 17:54:41 Updated: yum-plugin-fastestmirror-1.1.31-52.el7.noarch
Sep 26 17:54:41 Updated: yum-3.4.3-163.el7.centos.noarch
Sep 26 17:54:41 Updated: libss-1.42.9-16.el7.x86_64
Sep 26 17:54:41 Updated: e2fsprogs-libs-1.42.9-16.el7.x86_64
Sep 26 17:54:41 Updated: libmspack-0.5-0.7.alpha.el7.x86_64
Sep 26 17:54:42 Updated: freetype-2.8-14.el7.x86_64
Sep 26 17:54:42 Updated: sg3_utils-libs-1.37-18.el7_7.1.x86_64
Sep 26 17:54:42 Updated: libteam-1.27-9.el7.x86_64
Sep 26 17:54:42 Updated: teamd-1.27-9.el7.x86_64
Sep 26 17:54:42 Updated: libndp-1.2-9.el7.x86_64
Sep 26 17:54:42 Updated: 1:make-3.82-24.el7.x86_64
Sep 26 17:54:42 Updated: 2:vim-minimal-7.4.629-6.el7.x86_64
Sep 26 17:54:42 Updated: kernel-tools-libs-3.10.0-1062.1.1.el7.x86_64
Sep 26 17:54:42 Updated: numactl-libs-2.0.12-3.el7.x86_64
Sep 26 17:54:42 Updated: ipset-libs-7.1-1.el7.x86_64
Sep 26 17:54:42 Updated: ipset-7.1-1.el7.x86_64
Sep 26 17:54:42 Updated: libsmartcols-2.23.2-61.el7.x86_64
Sep 26 17:54:43 Updated: kmod-libs-20-25.el7.x86_64
Sep 26 17:54:43 Updated: procps-ng-3.3.10-26.el7.x86_64
Sep 26 17:54:43 Updated: util-linux-2.23.2-61.el7.x86_64
Sep 26 17:54:43 Updated: kpartx-0.4.9-127.el7.x86_64
Sep 26 17:54:43 Updated: 7:device-mapper-1.02.158-2.el7.x86_64
Sep 26 17:54:44 Updated: dracut-033-564.el7.x86_64
Sep 26 17:54:44 Updated: kmod-20-25.el7.x86_64
Sep 26 17:54:44 Updated: 7:device-mapper-libs-1.02.158-2.el7.x86_64
Sep 26 17:54:44 Updated: cryptsetup-libs-2.0.3-5.el7.x86_64
Sep 26 17:54:44 Updated: systemd-libs-219-67.el7_7.1.x86_64
Sep 26 17:54:44 Updated: elfutils-libs-0.176-2.el7.x86_64
Sep 26 17:54:47 Updated: systemd-219-67.el7_7.1.x86_64
Sep 26 17:54:47 Updated: elfutils-default-yama-scope-0.176-2.el7.noarch
Sep 26 17:54:47 Updated: initscripts-9.49.47-1.el7.x86_64
Sep 26 17:54:47 Updated: 7:device-mapper-event-libs-1.02.158-2.el7.x86_64
Sep 26 17:54:47 Updated: 1:grub2-tools-minimal-2.02-0.80.el7.centos.x86_64
Sep 26 17:54:47 Updated: 1:grub2-tools-2.02-0.80.el7.centos.x86_64
Sep 26 17:54:48 Updated: libdrm-2.4.97-2.el7.x86_64
Sep 26 17:54:48 Updated: polkit-0.112-22.el7_7.1.x86_64
Sep 26 17:54:48 Updated: 12:dhcp-libs-4.2.5-77.el7.centos.x86_64
Sep 26 17:54:48 Updated: 1:NetworkManager-libnm-1.18.0-5.el7_7.1.x86_64
Sep 26 17:54:48 Updated: 1:NetworkManager-1.18.0-5.el7_7.1.x86_64
Sep 26 17:54:49 Updated: policycoreutils-2.5-33.el7.x86_64
Sep 26 17:54:49 Updated: openssh-7.4p1-21.el7.x86_64
Sep 26 17:55:00 Updated: selinux-policy-3.13.1-252.el7.1.noarch
Sep 26 17:55:00 Updated: 12:dhcp-common-4.2.5-77.el7.centos.x86_64
Sep 26 17:55:00 Updated: 12:dhclient-4.2.5-77.el7.centos.x86_64
Sep 26 17:55:00 Updated: dracut-network-033-564.el7.x86_64
Sep 26 17:55:00 Updated: 1:grub2-tools-extra-2.02-0.80.el7.centos.x86_64
Sep 26 17:55:00 Updated: 1:grub2-pc-2.02-0.80.el7.centos.x86_64
Sep 26 17:55:00 Updated: 7:device-mapper-event-1.02.158-2.el7.x86_64
Sep 26 17:55:01 Updated: 7:lvm2-libs-2.02.185-2.el7.x86_64
Sep 26 17:55:01 Updated: hwdata-0.252-9.3.el7.x86_64
Sep 26 17:55:01 Updated: cronie-anacron-1.4.11-23.el7.x86_64
Sep 26 17:55:01 Updated: cronie-1.4.11-23.el7.x86_64
Sep 26 17:55:01 Updated: systemd-sysv-219-67.el7_7.1.x86_64
Sep 26 17:55:02 Updated: plymouth-core-libs-0.8.9-0.32.20140113.el7.centos.x86_64
Sep 26 17:55:02 Updated: plymouth-scripts-0.8.9-0.32.20140113.el7.centos.x86_64
Sep 26 17:55:02 Updated: plymouth-0.8.9-0.32.20140113.el7.centos.x86_64
Sep 26 17:55:16 Updated: linux-firmware-20190429-72.gitddde598.el7.noarch
Sep 26 17:55:22 Installed: kernel-3.10.0-1062.1.1.el7.x86_64
Sep 26 17:55:22 Updated: audit-2.8.5-4.el7.x86_64
Sep 26 17:55:22 Updated: lshw-B.02.18-13.el7.x86_64
Sep 26 17:55:22 Updated: 7:lvm2-2.02.185-2.el7.x86_64
Sep 26 17:55:22 Updated: 1:grub2-2.02-0.80.el7.centos.x86_64
Sep 26 17:55:22 Updated: kexec-tools-2.0.15-33.el7.x86_64
Sep 26 17:55:35 Updated: selinux-policy-targeted-3.13.1-252.el7.1.noarch
Sep 26 17:55:35 Updated: openssh-server-7.4p1-21.el7.x86_64
Sep 26 17:55:35 Updated: openssh-clients-7.4p1-21.el7.x86_64
Sep 26 17:55:35 Updated: 1:NetworkManager-team-1.18.0-5.el7_7.1.x86_64
Sep 26 17:55:35 Updated: 1:NetworkManager-tui-1.18.0-5.el7_7.1.x86_64
Sep 26 17:55:35 Updated: tuned-2.11.0-5.el7_7.1.noarch
Sep 26 17:55:35 Updated: open-vm-tools-10.3.0-2.el7.x86_64
Sep 26 17:55:35 Updated: biosdevname-0.7.3-2.el7.x86_64
Sep 26 17:55:36 Updated: firewalld-0.6.3-2.el7_7.1.noarch
Sep 26 17:55:36 Updated: rsyslog-8.24.0-41.el7_7.x86_64
Sep 26 17:55:40 Updated: 2:microcode_ctl-2.1-53.el7.x86_64
Sep 26 17:55:40 Updated: 3:irqbalance-1.0.7-12.el7.x86_64
Sep 26 17:55:40 Updated: parted-3.1-31.el7.x86_64
Sep 26 17:55:40 Updated: dracut-config-rescue-033-564.el7.x86_64
Sep 26 17:55:40 Updated: kernel-tools-3.10.0-1062.1.1.el7.x86_64
Sep 26 17:55:41 Updated: sudo-1.8.23-4.el7.x86_64
Sep 26 17:55:41 Updated: 1:openssl-1.0.2k-19.el7.x86_64
Sep 26 17:55:41 Updated: sg3_utils-1.37-18.el7_7.1.x86_64
Sep 26 17:55:41 Updated: e2fsprogs-1.42.9-16.el7.x86_64
Sep 26 17:55:41 Updated: 32:bind-libs-lite-9.11.4-9.P2.el7.x86_64
Sep 26 17:55:41 Updated: nss-tools-3.44.0-4.el7.x86_64
Sep 26 17:55:41 Updated: passwd-0.79-5.el7.x86_64
Sep 26 17:55:42 Updated: 1:mariadb-libs-5.5.64-1.el7.x86_64
Sep 26 17:55:42 Updated: xfsprogs-4.5.0-20.el7.x86_64
Sep 26 17:55:42 Updated: alsa-lib-1.1.8-1.el7.x86_64
Sep 26 17:55:42 Updated: libgomp-4.8.5-39.el7.x86_64
Sep 26 17:55:42 Updated: iprutils-2.4.17.1-2.el7.x86_64
Sep 26 17:55:42 Updated: 1:dmidecode-3.2-3.el7.x86_64
Sep 26 17:55:42 Updated: iwl100-firmware-39.31.5.1-72.el7.noarch
Sep 26 17:55:42 Updated: iwl6000g2b-firmware-17.168.5.2-72.el7.noarch
Sep 26 17:55:42 Updated: iwl135-firmware-18.168.6.1-72.el7.noarch
Sep 26 17:55:42 Updated: 1:iwl1000-firmware-39.31.5.1-72.el7.noarch
Sep 26 17:55:42 Updated: iwl5150-firmware-8.24.2.2-72.el7.noarch
Sep 26 17:55:42 Updated: iwl105-firmware-18.168.6.1-72.el7.noarch
Sep 26 17:55:43 Updated: iwl6000-firmware-9.221.4.1-72.el7.noarch
Sep 26 17:55:43 Updated: iwl4965-firmware-228.61.2.24-72.el7.noarch
Sep 26 17:55:43 Updated: iwl6000g2a-firmware-17.168.5.3-72.el7.noarch
Sep 26 17:55:43 Updated: iwl6050-firmware-41.28.5.1-72.el7.noarch
Sep 26 17:55:44 Updated: iwl7265-firmware-22.0.7.0-72.el7.noarch
Sep 26 17:55:44 Updated: iwl5000-firmware-8.83.5.1_1-72.el7.noarch
Sep 26 17:55:44 Updated: iwl3945-firmware-15.32.2.9-72.el7.noarch
Sep 26 17:55:45 Updated: iwl2030-firmware-18.168.6.1-72.el7.noarch
Sep 26 17:55:45 Updated: iwl2000-firmware-18.168.6.1-72.el7.noarch
Sep 26 17:55:45 Updated: iwl7260-firmware-22.0.7.0-72.el7.noarch
Sep 26 17:55:45 Updated: iwl3160-firmware-22.0.7.0-72.el7.noarch
Sep 26 18:04:03 Installed: mpfr-3.1.1-4.el7.x86_64
Sep 26 18:04:03 Installed: libmpc-1.0.1-3.el7.x86_64
Sep 26 18:04:03 Installed: zlib-devel-1.2.7-18.el7.x86_64
Sep 26 18:04:03 Installed: m4-1.4.16-10.el7.x86_64
Sep 26 18:04:04 Installed: cpp-4.8.5-39.el7.x86_64
Sep 26 18:04:04 Installed: 1:perl-parent-0.225-244.el7.noarch
Sep 26 18:04:04 Installed: perl-HTTP-Tiny-0.033-3.el7.noarch
Sep 26 18:04:04 Installed: perl-podlators-2.5.1-3.el7.noarch
Sep 26 18:04:04 Installed: perl-Pod-Perldoc-3.20-4.el7.noarch
Sep 26 18:04:04 Installed: 1:perl-Pod-Escapes-1.04-294.el7_6.noarch
Sep 26 18:04:04 Installed: perl-Encode-2.51-7.el7.x86_64
Sep 26 18:04:04 Installed: perl-Text-ParseWords-3.29-4.el7.noarch
Sep 26 18:04:04 Installed: perl-Pod-Usage-1.63-3.el7.noarch
Sep 26 18:04:04 Installed: 4:perl-libs-5.16.3-294.el7_6.x86_64
Sep 26 18:04:04 Installed: 4:perl-macros-5.16.3-294.el7_6.x86_64
Sep 26 18:04:04 Installed: 4:perl-Time-HiRes-1.9725-3.el7.x86_64
Sep 26 18:04:05 Installed: perl-Exporter-5.68-3.el7.noarch
Sep 26 18:04:05 Installed: perl-constant-1.27-2.el7.noarch
Sep 26 18:04:05 Installed: perl-Time-Local-1.2300-2.el7.noarch
Sep 26 18:04:05 Installed: perl-Socket-2.010-4.el7.x86_64
Sep 26 18:04:05 Installed: perl-Carp-1.26-244.el7.noarch
Sep 26 18:04:05 Installed: perl-Storable-2.45-3.el7.x86_64
Sep 26 18:04:05 Installed: 1:perl-Pod-Simple-3.28-4.el7.noarch
Sep 26 18:04:05 Installed: perl-PathTools-3.40-5.el7.x86_64
Sep 26 18:04:05 Installed: perl-Scalar-List-Utils-1.27-248.el7.x86_64
Sep 26 18:04:05 Installed: perl-File-Temp-0.23.01-3.el7.noarch
Sep 26 18:04:05 Installed: perl-File-Path-2.09-2.el7.noarch
Sep 26 18:04:05 Installed: perl-threads-shared-1.43-6.el7.x86_64
Sep 26 18:04:05 Installed: perl-threads-1.87-4.el7.x86_64
Sep 26 18:04:05 Installed: perl-Filter-1.49-3.el7.x86_64
Sep 26 18:04:05 Installed: perl-Getopt-Long-2.40-3.el7.noarch
Sep 26 18:04:07 Installed: 4:perl-5.16.3-294.el7_6.x86_64
Sep 26 18:04:07 Installed: libkadm5-1.15.1-37.el7_7.2.x86_64
Sep 26 18:04:07 Installed: pcre-devel-8.32-17.el7.x86_64
Sep 26 18:04:08 Installed: kernel-headers-3.10.0-1062.1.1.el7.x86_64
Sep 26 18:04:08 Installed: glibc-headers-2.17-292.el7.x86_64
Sep 26 18:04:08 Installed: glibc-devel-2.17-292.el7.x86_64
Sep 26 18:04:08 Installed: libsepol-devel-2.5-10.el7.x86_64
Sep 26 18:04:08 Installed: libselinux-devel-2.5-14.1.el7.x86_64
Sep 26 18:04:08 Installed: libverto-devel-0.2.5-4.el7.x86_64
Sep 26 18:04:08 Installed: keyutils-libs-devel-1.5.8-3.el7.x86_64
Sep 26 18:04:08 Installed: libcom_err-devel-1.42.9-16.el7.x86_64
Sep 26 18:04:08 Installed: krb5-devel-1.15.1-37.el7_7.2.x86_64
Sep 26 18:04:09 Installed: 1:openssl-devel-1.0.2k-19.el7.x86_64
Sep 26 18:04:11 Installed: gcc-4.8.5-39.el7.x86_64
Sep 26 18:04:11 Installed: flex-2.5.37-6.el7.x86_64
Sep 26 18:04:11 Installed: bison-3.0.4-2.el7.x86_64
Sep 26 18:04:11 Installed: elfutils-libelf-devel-0.176-2.el7.x86_64
Sep 26 18:04:11 Installed: ncurses-devel-5.9-14.20130511.el7_4.x86_64
Sep 26 18:04:11 Installed: bc-1.06.95-13.el7.x86_64
